  100000000
   24567890
          0
          0
          0
          0
          0
          0
          0
          0

   20000000
   20000000
   14567890
   10000000
   10000000
   10000000
   10000000
   10000000
   10000000
   10000000

          0
          0
          0
  124567890
          0
          0
          0
          0
          0
          0

   13000000
   13000000
   13000000
   13000000
   12567890
   12000000
   12000000
   12000000
   12000000
   12000000

   12500000
   12500000
   12500000
   12500000
   12500000
   12467890
   12400000
   12400000
   12400000
   12400000

   12460000
   12460000
   12460000
   12460000
   12460000
   12460000
   12457890
   12450000
   12450000
   12450000

   12457000
   12457000
   12457000
   12457000
   12457000
   12457000
   12457000
   12456890
   12456000
   12456000

   12456800
   12456800
   12456800
   12456800
   12456800
   12456800
   12456800
   12456800
   12456790
   12456700

   12456790
   12456790
   12456790
   12456790
   12456790
   12456790
   12456790
   12456790
   12456790
   12456780

   12456789
   12456789
   12456789
   12456789
   12456789
   12456789
   12456789
   12456789
   12456789
   12456789
