UNDEF
8
13
13
13
UNDEF
-1239001780
93
251
UNDEF
UNDEF
89648
-10496104
UNDEF
UNDEF
UNDEF
-948
UNDEF
-854
35
35
-354
-354
13523
UNDEF
UNDEF
2126
-599
UNDEF
UNDEF
66
UNDEF
UNDEF
UNDEF
UNDEF
UNDEF
-81307
147481
UNDEF
UNDEF
147481
-81307
-49500
-13629
-13629
-231378
-249
-166518
-166518
-166518
-63366
-721
-721
-166518
-166518
245110
UNDEF
UNDEF
35110821
-166518
35276500
35276500
35276500
UNDEF
UNDEF
2610
2610
35276500
2610
5033
10
UNDEF
UNDEF
365
UNDEF
UNDEF
UNDEF
UNDEF
-341
UNDEF
-341
175072
UNDEF
UNDEF
UNDEF
UNDEF
UNDEF
-41857
-41857
UNDEF
-3
1
-1013
-41857
-41857
-41857
4251
-711
UNDEF
UNDEF
-711
-511539
UNDEF
-491
UNDEF
UNDEF
17
UNDEF
30
UNDEF
30
13157
UNDEF
UNDEF
UNDEF
-54
38
UNDEF
66508
6823
66508
1154613
-972
-259
-12426
-28974
2263
-259
UNDEF
UNDEF
-539
2061
-539
1511
UNDEF
75
UNDEF
75
-39676
-588
-588
529
529
-41
-503
-2482
UNDEF
UNDEF
-2482
-2482
UNDEF
1277587716
-2482
-903
1277587716
1277587716
1277587716
1277587716
849
2991
-503
1257
-23
1277587716
-14560
-14560
69
-23
-23
-1656522
-1656522
100603
100603
UNDEF
-221
1410
-1326
1410
UNDEF
-221
UNDEF
-1326
-1326
UNDEF
-445472878
-1361
26958
-1361
-32960
74
-580944
-580944
1820
1820
2548
-21755
-21755
19347
UNDEF
UNDEF
-913
UNDEF
UNDEF
-913
UNDEF
UNDEF
UNDEF
UNDEF
UNDEF
UNDEF
724314
UNDEF
UNDEF
UNDEF
97
UNDEF
UNDEF
UNDEF
UNDEF
UNDEF
UNDEF
7140
-937
388464720
-269
7
293964054
-6992770
1511
-15079
28
1098
1511
UNDEF
1511
-47005
-545320224
-3638
28
-463
UNDEF
UNDEF
UNDEF
UNDEF
UNDEF
UNDEF
UNDEF
UNDEF
UNDEF
UNDEF
UNDEF
UNDEF
UNDEF
UNDEF
UNDEF
UNDEF
UNDEF
UNDEF
UNDEF
-239
UNDEF
UNDEF
-239
26684245
UNDEF
-26685352
-26685352
-650826
-932
-932
UNDEF
45210
307769
2
45210
-28859
8
8
6375
-192375690
192346833
192346833
43631
-46183
2627
-46183
2627
UNDEF
-9
299236
-9
204902
-9
205053
UNDEF
UNDEF
UNDEF
11
299236
309029
21494
-91
UNDEF
UNDEF
-775
-775
-775
UNDEF
UNDEF
UNDEF
UNDEF
UNDEF
UNDEF
UNDEF
-835
UNDEF
-2010647
-2011558
-270386
UNDEF
UNDEF
UNDEF
UNDEF
47575
-1199
1172245720
UNDEF
-1524
-599837705
-199
-117
1289
-316
UNDEF
-316
UNDEF
UNDEF
UNDEF
UNDEF
UNDEF
UNDEF
UNDEF
-15902
-629
20670
UNDEF
-172
77
49
50
-462
80
-462
-462
UNDEF
