Case 1: 0.00000 0.00000
Case 2: 65.68546 32.74268
Case 3: 2005.93814 844.02386
Case 4: 129.88545 64.36123
Case 5: 76.13158 38.00568
Case 6: 101.52349 50.64252
Case 7: 174.88315 87.05797
Case 8: 92.34153 46.06233
Case 9: 58.51846 29.20464
Case 10: 33.97114 16.91106
Case 11: 111.12252 55.34703
Case 12: 29.12305 14.53853
Case 13: 463.80772 229.36714
Case 14: 211.15964 104.13710
Case 15: 114.26391 56.84423
Case 16: 70.68660 35.22939
Case 17: 7816.12005 3288.73143
Case 18: 69.17280 34.52459
Case 19: 98.64652 49.07486
Case 20: 1103.85803 539.02883
Case 21: 85.26763 42.51086
Case 22: 81.92464 37.65590
Case 23: 177.03614 87.95886
Case 24: 189.78498 94.41460
Case 25: 38.28418 19.10929
Case 26: 132.99447 66.07714
Case 27: 66.41526 33.12569
Case 28: 66.70729 33.24615
Case 29: 8.25400 4.11819
Case 30: 781.70257 380.12894
Case 31: 80.25255 40.05141
Case 32: 157.28726 76.07577
Case 33: 229.16404 112.57073
Case 34: 42.29892 20.82319
Case 35: 93.03612 46.43127
Case 36: 6.25492 3.12210
Case 37: 130.88421 65.18978
Case 38: 303.09876 150.31300
Case 39: 71.55883 35.58563
Case 40: 198.22276 98.22394
Case 41: 45.14251 22.50954
Case 42: 71.48862 35.68306
Case 43: 25.24432 12.57905
Case 44: 689.69228 336.78608
Case 45: 343.14341 170.29107
Case 46: 13.73366 6.84703
Case 47: 699.34096 294.25656
Case 48: 155.24601 77.25858
Case 49: 95.82079 47.77940
Case 50: 235.47735 116.12980
Case 51: 78.85130 39.26367
Case 52: 269.97701 133.65591
Case 53: 7.36358 3.66844
Case 54: 43.99553 21.93762
Case 55: 235.05668 116.09588
Case 56: 222.56813 110.06676
Case 57: 15123.05488 5685.80280
Case 58: 471.80146 233.02552
Case 59: 81.30978 40.57563
Case 60: 14.70440 7.34011
Case 61: 11.51791 5.74986
Case 62: 53.19245 26.48695
Case 63: 311.71672 154.46282
Case 64: 0.90961 0.45305
Case 65: 56.70022 28.27652
Case 66: 18.24554 9.10646
Case 67: 26.15554 12.84821
Case 68: 121.77270 60.71076
Case 69: 260.78632 129.49931
Case 70: 66.25414 33.04108
Case 71: 68.09217 33.97339
Case 72: 107.55326 53.64393
Case 73: 5227.58891 1965.41240
Case 74: 258.60897 127.72850
Case 75: 306.05047 151.51458
Case 76: 143.56062 71.52007
Case 77: 1138.97226 550.89135
Case 78: 4115.93623 1731.83226
Case 79: 3.62115 1.80671
Case 80: 617.57160 304.56631
Case 81: 75.44664 37.66375
Case 82: 259.61524 128.91779
Case 83: 383.01471 186.25368
Case 84: 1165.94587 535.91623
Case 85: 38.05802 18.99021
Case 86: 64.75381 32.26633
Case 87: 97.04770 48.42924
Case 88: 8752.32280 2439.84233
Case 89: 56.40148 28.14053
Case 90: 101.62805 50.55812
Case 91: 5.75433 2.87130
Case 92: 298.47443 147.76396
Case 93: 208.57495 103.25796
Case 94: 13.08039 6.52231
Case 95: 96.85926 48.25405
Case 96: 29.35588 14.65055
Case 97: 1477.22969 709.42846
Case 98: 1288.25342 592.13377
Case 99: 151.03145 75.25781
Case 100: 458.61598 218.11904
