BUCKET[0][0] = 1
BUCKET[0][1] = 1
BUCKET[0][2] = 2
BUCKET[0][3] = 2
BUCKET[0][4] = 2
BUCKET[0][5] = 2
BUCKET[0][6] = 2
BUCKET[0][7] = 3
BUCKET[0][8] = 4
BUCKET[0][9] = 4
BUCKET[1][1] = 1
BUCKET[1][2] = 1
BUCKET[1][3] = 2
BUCKET[1][4] = 2
BUCKET[1][5] = 2
BUCKET[1][6] = 2
BUCKET[1][7] = 3
BUCKET[1][8] = 4
BUCKET[1][9] = 4
BUCKET[2][2] = 1
BUCKET[2][3] = 2
BUCKET[2][4] = 2
BUCKET[2][5] = 2
BUCKET[2][6] = 2
BUCKET[2][7] = 3
BUCKET[2][8] = 4
BUCKET[2][9] = 4
BUCKET[3][3] = 1
BUCKET[3][4] = 2
BUCKET[3][5] = 2
BUCKET[3][6] = 2
BUCKET[3][7] = 2
BUCKET[3][8] = 3
BUCKET[3][9] = 3
BUCKET[4][4] = 1
BUCKET[4][5] = 1
BUCKET[4][6] = 1
BUCKET[4][7] = 2
BUCKET[4][8] = 3
BUCKET[4][9] = 3
BUCKET[5][5] = 1
BUCKET[5][6] = 1
BUCKET[5][7] = 2
BUCKET[5][8] = 2
BUCKET[5][9] = 2
BUCKET[6][6] = 1
BUCKET[6][7] = 2
BUCKET[6][8] = 2
BUCKET[6][9] = 2
BUCKET[7][7] = 1
BUCKET[7][8] = 2
BUCKET[7][9] = 2
BUCKET[8][8] = 1
BUCKET[8][9] = 1
BUCKET[9][9] = 1
0

BUCKET[0][0] = 1
0
