231809
5349526
1363830
590225
411835
2476035
12072
1786970
3480231
455056
132075
576716
173331
846848
1014161
719259
3361322
3591156
3662835
2010664
4833203
913754
1821687
592269
1887283
2588773
2203716
2461774
8239
46209
2025734
1473111
301493
48585
2135769
253451
1515031
52330
903548
469
1161465
133959
2356851
517721
915935
4929
185341
345218
5231726
3925899
1399537
3109911
117868
5542784
249231
6551697
957312
4089671
105242
4792965
4866699
277747
90000
42576
442730
614498
4803329
5849263
5743189
1891129
168758
433391
40240
996886
2229364
5770824
3342177
168460
707871
685232
3582562
197945
4626540
968072
106835
680538
2575372
209485
91641
2029201
1667245
120001
1410929
151425
39172
79047
900508
2606130
4734287
165769
3689824
2171292
2249910
963926
4884
298233
491203
1427623
3746535
3792326
6516420
254494
62194
2247413
7249
513579
1291011
2212354
300083
1215442
1739240
3098086
1407642
30772
2106
2346267
3212510
315632
181654
1443157
553165
948258
266701
217279
3353945
2027386
1766102
82815
2219652
124859
1490324
904240
3326036
54771
2877152
204
2191150
1605461
3998388
18349
121093
2887544
2187232
4188020
1244782
423458
440227
1467472
4456911
692
1861606
1320237
1445863
819836
12616
73631
4707800
3013
13585
677361
1263280
145342
409417
26302
1627997
1211626
2183204
699866
26298
6928038
281307
2504838
2138031
49556
208
1089966
1509619
3205677
21952
1764676
286780
2239624
110201
44307
305425
701590
235441
185729
1095474
1505119
2148120
1534555
836901
174632
33844
2535151
4371854
922852
735242
24932
1671624
1441252
486
1428854
2743991
182507
4611748
2177864
55310
91328
2831394
1029292
334420
58780
4723235
823612
1046876
2264308
3732036
209202
577110
1051242
6330956
1701396
4782314
2757
4622711
2127499
490943
3649694
1039367
4618378
5789087
4782011
20923
914751
2507663
172473
317138
638657
1655287
3659615
419043
2860394
3032566
1215958
5362987
1066920
31723
289586
1189669
401246
1270604
859483
1844842
3274061
4813537
1202547
396802
3181120
29810
1056566
44325
2904282
130660
1517656
555620
1177364
4962447
151042
2913357
3088650
28399
1875867
4177188
3739949
4160236
37214
4278290
1774984
1939942
5124054
847842
335901
614130
5750546
28717
1293778
706593
372355
1309772
181899
708628
3887308
280028
2891050
824646
644654
4556365
914647
668734
95353
5438683
2109364
1974632
153975
2399666
2450838
4444991
707858
288073
1557506
1240923
4352701
440683
4400694
62642
267219
385512
3686972
1475211
3889579
1344263
755454
1099077
74577
819719
925092
2403832
565867
160435
2897454
2414229
5886825
6140888
213048
208678
1379455
2074513
232928
69646
12739
8418
5670675
8216
1988162
255692
652786
49506
120591
2444084
793540
1097544
2004809
4617435
521423
3204598
1119521
6077578
1211035
804453
2652119
2210711
27385
4072101
2497288
4743932
38324
2380114
386012
3830467
1081921
1368783
361458
116426
3621742
2104532
3459
5743082
4980594
2541189
848716
1789149
2735775
232537
237360
564243
760964
1587119
1039883
1356779
79324
422182
1650
1148353
1016613
5952310
204197
4926
857426
200610
3182311
2754838
51987
4756780
74452
5102004
727492
1873626
13145
2205006
170225
839932
4360628
1464112
86016
3126180
16610
1214557
1195402
3999718
71562
3106660
400
1310161
2027504
70067
3560701
3418119
303386
2973097
78287
6492454
201160
109245
377913
2628724
1302037
25253
813615
654134
1966326
770237
4820919
296397
1596453
1086387
68619
4953
3446074
2701575
5715013
188225
1324316
879651
1647681
2285100
138102
5799349
1479390
2762252
1164397
2087976
702376
812001
1723
1165354
187514
3183284
402618
49602
353247
34533
1310110
1279983
472897
318635
1100878
295315
4533740
2563831
2807847
4537128
46463
226805
1390008
6084659
242798
2266741
8075
237574
851683
579900
379889
512833
3580150
2495740
697153
2746922
878695
1816420
4507817
353012
4749314
494907
2134796
119058
1003496
650065
2147262
5430625
4918514
24182
7605
258043
2222040
592673
328896
2315681
373666
746448
1904639
986030
381325
1477397
3018
322234
157868
1555557
3254536
585118
146573
5265345
130207
1336353
40787
4243
1018986
210070
1153190
5883
1016356
940634
61112
2850029
667414
3047004
793147
5789699
2652844
1724586
83418
3745807
4774056
1406772
157008
213922
1060440
512921
116167
223315
28662
1495144
2129775
52102
841155
2221880
667309
2807295
1315105
19345
702007
2209919
1750270
760998
4463303
4270819
2384967
5610757
125033
2283763
4588817
654687
836477
61416
426565
531685
3049379
1546402
372316
966070
255864
5033738
245173
63698
225726
1177379
2485363
4584056
1490937
598877
428737
101477
2404618
1766421
2211979
4344152
3000532
403549
2726062
195207
3153964
54239
1714173
227261
796438
1301985
75168
1604571
3925919
695813
2645307
2815496
1513920
664449
7038021
121364
22555
493257
428612
18442
27528
15917
224543
2940396
31468
123095
4285072
11742
296764
4696173
1591343
259002
3809688
1545529
1814225
591983
1061992
4703688
63519
4842248
470629
3645419
447425
2767966
1638903
