579456
5418123
467258
1375887
2398442
1678728
206846
6138907
103353
89095
39895
2967392
6503534
2211025
4174
37506
194717
1948006
339290
3233681
3854347
3248196
2226278
25088
87948
4803245
2516253
146969
340823
2164323
4498174
2000831
1643835
5425162
2851
635374
4266854
73550
73393
5033528
5597643
18410
1140
5069076
1627169
731557
2582898
15557
783508
7807
115404
2369354
131074
21428
1733764
365763
2149722
5975874
4547138
4341080
509431
27443
672267
1856357
16803
2119156
4789897
713134
341944
832203
290565
1327663
1188148
230793
388832
72868
2425899
1944694
2707292
500368
3547222
697057
672709
3043741
1391693
1518293
65127
2597501
2279388
3078821
1101938
6421227
98398
3598264
4160994
187041
1165854
867750
22126
1148772
4717134
2213559
567576
1215827
19241
704301
2202
3989991
3820489
40209
4088402
39771
22678
447374
428877
987352
4460629
243199
1602219
2218747
4055542
149330
3871571
1435812
1165899
1005424
3141734
22975
462223
181213
2405960
585509
1701478
4532490
2805565
1031882
964906
1393976
524029
4850460
1169565
398558
5947516
3559881
870278
65866
2393758
1222776
1331493
1347477
1963997
435378
1691221
2268643
1712720
2873491
1529816
210206
1432510
53273
753570
5202670
1087220
3769540
428816
89412
2390621
22325
84895
4332078
1049152
870308
7059146
2596833
30324
121027
51994
16043
6022878
3947697
236637
673819
4602816
380045
614337
1507477
5534314
298878
2936503
3045589
410454
635654
402398
1446837
1347579
932047
3213460
4237545
3357067
101635
2855874
298737
3587079
3959963
312814
69826
223384
5487587
1035322
1176053
3842
1899848
282811
104679
91156
2676271
342675
502080
765647
1328442
161280
1206
1495700
2048382
1007092
67298
530900
1262479
3164140
2523809
204627
1746713
4627141
631769
367988
4654191
4028759
142770
121269
423851
769504
992175
244241
102028
3017375
47028
304848
712225
318170
2113889
1214875
58471
4992387
1278618
3940023
2927134
1987049
3720118
5071460
4565
247563
5436039
4727188
231369
1685062
884230
1915922
2107505
6389190
35028
5163160
197122
108123
138654
2142542
1463214
3046955
4219147
5297526
246044
69357
304314
4063217
1470710
3866925
2567902
433138
2188629
95872
4723734
1037787
67369
24888
49560
896254
1202440
5323089
813947
1149523
256699
99233
1714986
846712
1322230
362979
191456
16303
840319
5074834
2529317
64115
2706293
203222
1619880
3285302
125853
230260
5056
6
39706
38043
2119848
3793380
33729
4800744
172648
491026
111794
878484
219792
654044
6297619
3886
2805950
1922153
96437
3060337
50149
2731
191570
2359122
26080
1215668
1180237
1070863
5395397
538085
1571056
1358491
3845563
1634179
2011035
211974
2832837
35622
2436488
438365
57843
3521298
799848
969438
719485
325942
2126331
5911839
43446
552286
190848
113571
2458442
625597
108307
1402040
132843
80685
2564615
2806374
2005185
1091310
2974876
471236
5758647
900390
4045204
61606
1251898
2134926
423528
564505
1136485
1862423
224993
24506
3087628
9385
3112580
211
348678
564546
3265313
5196953
843153
78218
6264969
6567651
24250
1907521
21439
621259
4939776
707667
720421
5519546
361057
4034190
783177
4500873
15634
6991896
2267459
4203694
1518941
1438555
1678983
148613
128616
1296295
776357
2278710
1460444
38456
5405627
10941
1741208
101132
553487
5128901
52181
100613
77560
319365
69292
2923127
756172
1175134
3108975
1479011
407636
1131632
865557
4332227
2871302
898858
743108
455773
5022723
15299
494364
3171961
4410
3159258
1376
2197991
1267931
2274372
1250
5860979
1570295
466613
59550
476144
122955
286706
1110743
3890027
4478960
4042213
1176796
2304432
74204
46135
2447213
3408574
6526329
621893
1775754
886261
3328140
3887027
78665
5956634
50236
369009
6111974
1075096
4543961
2068307
170033
57641
917728
75341
4961311
312243
2979556
273044
6264463
530756
281818
6731
1350852
2256053
1279697
4211262
1552926
1320725
296491
675632
283771
6144596
491965
1472698
2085076
161860
299719
2791175
124369
1864671
2815946
227735
1856652
377047
1920387
2324420
950225
396087
41095
3098227
2552906
8447
1408382
369900
173051
2545182
2273109
561705
2306216
3744745
62682
1463747
1939999
2961694
218915
4227318
401830
4636477
2505178
67586
2377191
1038398
1508509
83398
1542432
1213349
61890
1178454
297183
28372
1928851
469491
3312828
3079555
606304
828612
4361110
5004479
56017
336910
441255
2231544
346
2819135
2508590
1488494
378902
3854049
2424375
630520
3774436
2999416
3886248
2989
184036
35023
192633
5786219
2094236
2019464
1317289
24731
281862
151458
22716
2582882
2647
74120
1124878
1407121
3463054
82414
45774
3603
6514
2355702
503631
2277340
546794
3497567
888096
1617667
271197
227836
1624379
5384460
923607
187593
2286901
165509
1198507
3762165
3807898
128537
1183761
786357
3663582
1439764
4057073
2782598
3859827
2942168
3554683
6870
3752538
2254
303100
2498438
831
28544
1747040
208109
3805304
1876818
1328202
1236658
1190830
1634508
2641765
345124
2263479
593657
494377
216633
2877556
1149843
295876
3081141
60526
391393
660883
880239
91811
276564
3805957
5352179
1000687
5809027
2596860
3446372
265937
23337
2377927
18239
377128
1827434
80875
779683
3404490
3714557
114973
1314903
1292453
4743191
4167181
6063437
2921563
4536574
390533
717
200385
1088759
3766014
2065100
827964
624540
2767696
1659881
4934656
1203541
1309731
873500
591330
5287003
75364
336
292662
2384024
12948
3512325
1461108
989907
3264420
535766
139099
77569
304755
5246140
1633177
1551328
313048
2685807
4067211
2860267
4858818
885601
1745652
1123266
750396
6036904
2628465
728743
5442308
1915299
23910
997172
2348489
2226040
1823426
1263464
1190334
52540
1101
1171
2725198
417017
69600
2588192
2169110
5961004
317239
872976
3304570
5229934
1733217
122930
1378413
1639872
4114419
1255160
1732422
4108
2032801
68921
233
833501
1618464
179022
721457
1314541
183599
1456938
593319
1498904
108300
113023
4032150
342461
5209379
226967
2481723
1842135
191809
36405
361970
4450749
3072420
3173711
838999
398463
748640
2995371
4167173
1011210
4062637
2053215
3048792
2013159
4860037
865353
1061281
2362
386
4315538
153437
544923
1130578
5557632
2562355
315137
841271
304967
4464
23854
914575
3328708
25735
3907629
2726739
998362
26848
5062178
3333311
6922752
786406
123786
1287635
2102956
1451123
5271411
1207927
58261
1159785
3464107
1634259
175978
981869
1178074
128806
41230
3192685
5233744
480852
534792
194369
4954648
6442001
1382830
594347
3327389
5386381
380
195444
2529
1175043
655848
3987218
902034
2399255
784435
3894307
5346048
2794838
5451396
5663964
1526756
12941
170162
15790
1030091
1907877
1916772
3141995
89670
15480
19532
806119
8178
2165503
256682
4022876
3742452
22640
77402
776308
192816
3159969
886814
1374909
438521
1007037
1555416
2213770
1930117
33940
2087098
8278
1418543
2605724
65435
200149
330855
2713415
722284
1019521
1843666
170159
1807801
198255
2377518
98562
367060
3311287
81709
1504129
1791347
179427
716724
842192
525634
1552048
141943
3727978
56986
928395
3790175
3281305
475868
1656
1417904
1996
367951
71381
3188948
2326176
1180582
14109
81477
1990123
4471509
20502
419653
618567
946127
4217
60923
3889859
1658326
5585570
2042277
266556
3561429
1125432
1137020
45726
1668102
2674738
727455
62386
174383
204394
1247082
523256
322238
334255
201430
1172384
3464587
372988
411695
5957942
110968
5587064
2136481
85199
3205569
711463
532777
1275469
3441282
508623
1270150
2656672
4471236
3513
1455465
858171
1928682
898858
24069
2456100
1346950
133308
