Forest 1
Cut these trees: 4 6 9
Extra wood: 9.04

Forest 2
Cut these trees: 6 9 10
Extra wood: 1.31

Forest 3
Cut these trees: 2 6 8
Extra wood: 15.91

Forest 4
Cut these trees: 3 4
Extra wood: 53.34

Forest 5
Cut these trees: 2
Extra wood: 51.00

Forest 6
Cut these trees: 1 3
Extra wood: 18.00

Forest 7
Cut these trees: 1 5 7
Extra wood: 26.44

Forest 8
Cut these trees:
Extra wood: 0.00

Forest 9
Cut these trees: 3 8 11
Extra wood: 13.97

Forest 10
Cut these trees: 4 7 9 12
Extra wood: 29.37

Forest 11
Cut these trees: 5 6 14
Extra wood: 15.38

Forest 12
Cut these trees: 1 2
Extra wood: 6.01

Forest 13
Cut these trees:
Extra wood: 0.00

Forest 14
Cut these trees: 2 6 8 9
Extra wood: 39.10

Forest 15
Cut these trees: 1 2
Extra wood: 225.00

Forest 16
Cut these trees: 1 2 10
Extra wood: 3.65

Forest 17
Cut these trees: 5 8
Extra wood: 29.38

Forest 18
Cut these trees: 1 2 3
Extra wood: 3.18

Forest 19
Cut these trees: 2 4
Extra wood: 13.55

Forest 20
Cut these trees: 3 7 13
Extra wood: 47.63

Forest 21
Cut these trees: 2 4 6
Extra wood: 10.84

Forest 22
Cut these trees: 3 6
Extra wood: 34.00

Forest 23
Cut these trees: 3 8
Extra wood: 10.17

Forest 24
Cut these trees: 3 5
Extra wood: 3.74

Forest 25
Cut these trees: 8 9 13
Extra wood: 20.53

Forest 26
Cut these trees: 1 4 6
Extra wood: 19.13

Forest 27
Cut these trees: 1 3
Extra wood: 46.16

Forest 28
Cut these trees: 7 9 12
Extra wood: 16.48

Forest 29
Cut these trees: 2
Extra wood: 78.00

Forest 30
Cut these trees: 1 3 4
Extra wood: 22.12

Forest 31
Cut these trees: 5 6 8 11
Extra wood: 1.81

Forest 32
Cut these trees: 1 3 5 12
Extra wood: 4.93

Forest 33
Cut these trees: 3 6 8
Extra wood: 37.38

Forest 34
Cut these trees: 2 4 6
Extra wood: 19.88

Forest 35
Cut these trees: 1 4
Extra wood: 17.85

Forest 36
Cut these trees: 3
Extra wood: 14.95

Forest 37
Cut these trees: 1 3 5 10
Extra wood: 10.50

Forest 38
Cut these trees: 3 5 7 8
Extra wood: 11.32

Forest 39
Cut these trees: 4 5 7
Extra wood: 15.95

Forest 40
Cut these trees: 5 7
Extra wood: 5.66

Forest 41
Cut these trees: 1 4 7
Extra wood: 27.57

Forest 42
Cut these trees: 8 11 12
Extra wood: 12.20

Forest 43
Cut these trees: 4 5 6
Extra wood: 50.42

Forest 44
Cut these trees:
Extra wood: 0.00

Forest 45
Cut these trees: 4 5 6
Extra wood: 5.23

Forest 46
Cut these trees: 2 3 10
Extra wood: 16.81

Forest 47
Cut these trees: 1 3
Extra wood: 50.69

Forest 48
Cut these trees: 5 9 10 12
Extra wood: 3.07

Forest 49
Cut these trees: 1 3 7
Extra wood: 9.15

Forest 50
Cut these trees: 2 3 4 10
Extra wood: 27.09

Forest 51
Cut these trees: 1 6 11
Extra wood: 1.65

Forest 52
Cut these trees: 1 2 5 13
Extra wood: 28.55

Forest 53
Cut these trees: 1 5 8 10
Extra wood: 0.50

Forest 54
Cut these trees: 3 5
Extra wood: 4.87

Forest 55
Cut these trees: 5 6 9
Extra wood: 0.50

Forest 56
Cut these trees: 1 2 7 10
Extra wood: 31.75

Forest 57
Cut these trees: 1 2 4 6
Extra wood: 49.15

Forest 58
Cut these trees: 1 2 4
Extra wood: 86.78

Forest 59
Cut these trees: 4 5 8
Extra wood: 43.18

Forest 60
Cut these trees: 1 5 6
Extra wood: 28.12

Forest 61
Cut these trees: 1 7 9 12
Extra wood: 13.80

Forest 62
Cut these trees: 3 4 10
Extra wood: 9.54

Forest 63
Cut these trees: 4 5
Extra wood: 44.97

Forest 64
Cut these trees: 6 7
Extra wood: 22.48

Forest 65
Cut these trees: 4 6 8
Extra wood: 25.04

Forest 66
Cut these trees: 3 4 9
Extra wood: 9.47

Forest 67
Cut these trees: 1
Extra wood: 19.11

Forest 68
Cut these trees: 2 4 6
Extra wood: 35.39

Forest 69
Cut these trees: 3 6 9
Extra wood: 36.77

Forest 70
Cut these trees: 3 6 9
Extra wood: 19.36

Forest 71
Cut these trees: 1 2 6 8
Extra wood: 33.25

Forest 72
Cut these trees: 6 10
Extra wood: 31.22

Forest 73
Cut these trees: 1 5 9
Extra wood: 44.90

Forest 74
Cut these trees: 4 5
Extra wood: 12.93

Forest 75
Cut these trees: 1 4 5
Extra wood: 82.58

Forest 76
Cut these trees:
Extra wood: 0.00

Forest 77
Cut these trees: 1 4 5 13
Extra wood: 35.17

Forest 78
Cut these trees: 1 4 6 7
Extra wood: 21.39

Forest 79
Cut these trees: 1 2
Extra wood: 101.49

Forest 80
Cut these trees: 1
Extra wood: 14.20

Forest 81
Cut these trees: 2
Extra wood: 40.64

Forest 82
Cut these trees: 5 7 9 11
Extra wood: 21.17

Forest 83
Cut these trees: 2
Extra wood: 13.00

Forest 84
Cut these trees: 1 4
Extra wood: 9.44

Forest 85
Cut these trees: 3 4
Extra wood: 11.55

Forest 86
Cut these trees: 1 3
Extra wood: 3.14

Forest 87
Cut these trees: 9 11 13
Extra wood: 5.02

Forest 88
Cut these trees:
Extra wood: 0.00

Forest 89
Cut these trees:
Extra wood: 0.00

Forest 90
Cut these trees:
Extra wood: 0.00

Forest 91
Cut these trees: 4 5
Extra wood: 10.85

Forest 92
Cut these trees: 5 9
Extra wood: 8.27

Forest 93
Cut these trees: 4 6 10
Extra wood: 3.61

Forest 94
Cut these trees: 1 3 10 12
Extra wood: 6.50

Forest 95
Cut these trees: 1 2 4
Extra wood: 73.90

Forest 96
Cut these trees: 1 2 5
Extra wood: 54.23

Forest 97
Cut these trees: 2
Extra wood: 52.00

Forest 98
Cut these trees: 4 9 14
Extra wood: 1.05

Forest 99
Cut these trees: 2 7 8 10
Extra wood: 18.79

Forest 100
Cut these trees: 2 5 6
Extra wood: 35.01

Forest 101
Cut these trees: 4 8 12
Extra wood: 9.36

Forest 102
Cut these trees: 4 7 8 9
Extra wood: 18.27

Forest 103
Cut these trees: 2 3 11 12
Extra wood: 14.41

Forest 104
Cut these trees: 6 7 11
Extra wood: 33.79

Forest 105
Cut these trees: 5 8 11
Extra wood: 63.83

Forest 106
Cut these trees: 1 5
Extra wood: 29.22

Forest 107
Cut these trees: 3 5 6 8
Extra wood: 14.48

Forest 108
Cut these trees: 3 11 13
Extra wood: 0.88

Forest 109
Cut these trees: 1 2 6
Extra wood: 4.56

Forest 110
Cut these trees: 2
Extra wood: 2.00

Forest 111
Cut these trees: 6 10 12
Extra wood: 4.98

Forest 112
Cut these trees: 2 4
Extra wood: 21.69

Forest 113
Cut these trees: 3 5 6
Extra wood: 24.62

Forest 114
Cut these trees: 1 8 10
Extra wood: 45.35

Forest 115
Cut these trees: 5 10 13
Extra wood: 21.59

Forest 116
Cut these trees: 2
Extra wood: 52.00

Forest 117
Cut these trees: 3
Extra wood: 27.70

Forest 118
Cut these trees: 1 6 9
Extra wood: 10.41

Forest 119
Cut these trees: 2 4 5 7
Extra wood: 6.89

Forest 120
Cut these trees: 1 4
Extra wood: 8.40

Forest 121
Cut these trees: 1 5 6
Extra wood: 46.14

Forest 122
Cut these trees: 2 4
Extra wood: 20.33

Forest 123
Cut these trees: 2 3 6
Extra wood: 104.38

Forest 124
Cut these trees: 1 3 6 11
Extra wood: 55.03

Forest 125
Cut these trees: 2 3
Extra wood: 67.75

Forest 126
Cut these trees: 1 3 5
Extra wood: 4.93

Forest 127
Cut these trees: 1 4 7 9
Extra wood: 4.20

Forest 128
Cut these trees:
Extra wood: 0.00

Forest 129
Cut these trees: 2 3 4 9
Extra wood: 28.63

Forest 130
Cut these trees: 3 4 5 6
Extra wood: 36.59

Forest 131
Cut these trees: 2 6
Extra wood: 18.40

Forest 132
Cut these trees: 1 2 3 11
Extra wood: 22.50

Forest 133
Cut these trees: 1 6 8
Extra wood: 1.32

Forest 134
Cut these trees: 3 4 5 11
Extra wood: 3.15

Forest 135
Cut these trees: 1 3
Extra wood: 97.48

Forest 136
Cut these trees: 2 9 10
Extra wood: 38.57

Forest 137
Cut these trees: 3 5 10
Extra wood: 71.24

Forest 138
Cut these trees: 2 5 9 10
Extra wood: 3.41

Forest 139
Cut these trees: 1 2 6
Extra wood: 35.38

Forest 140
Cut these trees: 1 2 11
Extra wood: 57.23

Forest 141
Cut these trees:
Extra wood: 0.00

Forest 142
Cut these trees: 3 4
Extra wood: 9.65

Forest 143
Cut these trees: 4 8 9
Extra wood: 1.11

Forest 144
Cut these trees: 3 4 5
Extra wood: 6.04

Forest 145
Cut these trees: 4 5 6
Extra wood: 2.22

Forest 146
Cut these trees: 5 7 8 14
Extra wood: 81.39

Forest 147
Cut these trees: 5 7 8
Extra wood: 22.46

Forest 148
Cut these trees: 3 4
Extra wood: 121.58

Forest 149
Cut these trees: 3 8 13
Extra wood: 19.13

Forest 150
Cut these trees: 2 3 8
Extra wood: 37.39

Forest 151
Cut these trees: 1 2 5
Extra wood: 87.00

Forest 152
Cut these trees: 1 5 6
Extra wood: 44.28

Forest 153
Cut these trees: 1 4 6
Extra wood: 2.03

Forest 154
Cut these trees: 1
Extra wood: 42.58

Forest 155
Cut these trees: 4 5 9 11
Extra wood: 8.30

Forest 156
Cut these trees: 1 3
Extra wood: 6.92

Forest 157
Cut these trees: 1 2
Extra wood: 3.75

Forest 158
Cut these trees: 1 3
Extra wood: 66.23

Forest 159
Cut these trees: 1 7 9
Extra wood: 10.30

Forest 160
Cut these trees:
Extra wood: 0.00

Forest 161
Cut these trees: 2 3
Extra wood: 50.38

Forest 162
Cut these trees: 1 3
Extra wood: 64.00

Forest 163
Cut these trees: 6 7 11
Extra wood: 16.80

Forest 164
Cut these trees: 2 6 7 8
Extra wood: 31.42

Forest 165
Cut these trees: 1 6 9 13
Extra wood: 8.10

Forest 166
Cut these trees: 1 4
Extra wood: 51.56

Forest 167
Cut these trees: 1 5 8
Extra wood: 2.00

Forest 168
Cut these trees: 3 4
Extra wood: 46.97

Forest 169
Cut these trees: 2 4
Extra wood: 89.42

Forest 170
Cut these trees:
Extra wood: 0.00

Forest 171
Cut these trees: 3 8 12
Extra wood: 20.88

Forest 172
Cut these trees: 9 10 11
Extra wood: 5.15

Forest 173
Cut these trees: 1 3 5
Extra wood: 2.30

Forest 174
Cut these trees: 3 4
Extra wood: 22.58

Forest 175
Cut these trees: 3 4 6 13
Extra wood: 51.31

Forest 176
Cut these trees: 1 3 4 5 7
Extra wood: 2.74

Forest 177
Cut these trees: 2 5 6 9
Extra wood: 1.19

Forest 178
Cut these trees:
Extra wood: 0.00

Forest 179
Cut these trees: 3 8 9 10
Extra wood: 11.23

Forest 180
Cut these trees: 1 2 5
Extra wood: 104.87

Forest 181
Cut these trees: 1 2 3 12
Extra wood: 4.59

Forest 182
Cut these trees: 1 2 5 8
Extra wood: 2.52

Forest 183
Cut these trees:
Extra wood: 0.00

Forest 184
Cut these trees: 2 10 11
Extra wood: 5.48

Forest 185
Cut these trees: 2
Extra wood: 29.00

Forest 186
Cut these trees: 1 4
Extra wood: 61.95

Forest 187
Cut these trees: 6 7
Extra wood: 57.52

Forest 188
Cut these trees: 1 2
Extra wood: 87.35

Forest 189
Cut these trees: 3 5 7
Extra wood: 11.64

Forest 190
Cut these trees: 1 11 14
Extra wood: 28.24

Forest 191
Cut these trees: 1 3 11
Extra wood: 18.21

Forest 192
Cut these trees: 2
Extra wood: 122.00

Forest 193
Cut these trees:
Extra wood: 0.00

Forest 194
Cut these trees: 2 3 6
Extra wood: 79.49

Forest 195
Cut these trees: 4 7 9 11
Extra wood: 41.47

Forest 196
Cut these trees: 3 5 10
Extra wood: 5.23

Forest 197
Cut these trees: 2
Extra wood: 80.00

Forest 198
Cut these trees: 1
Extra wood: 78.00

Forest 199
Cut these trees: 2 6 13
Extra wood: 15.51

Forest 200
Cut these trees: 3
Extra wood: 39.72

Forest 201
Cut these trees: 2 7 12
Extra wood: 3.08

Forest 202
Cut these trees: 1 4 8 13
Extra wood: 5.97

Forest 203
Cut these trees: 2 8 9
Extra wood: 12.38

Forest 204
Cut these trees: 2 5 8 11
Extra wood: 20.68

Forest 205
Cut these trees: 10 12 14
Extra wood: 3.05

Forest 206
Cut these trees: 1
Extra wood: 61.00

Forest 207
Cut these trees: 2 3
Extra wood: 30.67

Forest 208
Cut these trees: 1 5 8 11
Extra wood: 17.74

Forest 209
Cut these trees: 4 5 7 8
Extra wood: 24.66

Forest 210
Cut these trees: 3 8 9 11
Extra wood: 35.19

Forest 211
Cut these trees: 4 7 12 13 14 15
Extra wood: 1.99

Forest 212
Cut these trees: 3 8 9
Extra wood: 3.22

Forest 213
Cut these trees: 1 4 5 7
Extra wood: 16.86

Forest 214
Cut these trees: 2 4 5 7
Extra wood: 12.90

Forest 215
Cut these trees: 1 2
Extra wood: 106.00

Forest 216
Cut these trees: 2
Extra wood: 16.52

Forest 217
Cut these trees: 2 4 8 13
Extra wood: 0.10

Forest 218
Cut these trees: 3 5
Extra wood: 47.81

Forest 219
Cut these trees: 1 4 5
Extra wood: 48.45

Forest 220
Cut these trees: 2 4 8 10
Extra wood: 35.56

Forest 221
Cut these trees:
Extra wood: 0.00

Forest 222
Cut these trees: 4 6
Extra wood: 10.12

Forest 223
Cut these trees: 1 2
Extra wood: 104.00

Forest 224
Cut these trees: 1
Extra wood: 7.92

Forest 225
Cut these trees: 2 6 7
Extra wood: 121.51

Forest 226
Cut these trees: 2 5
Extra wood: 31.33

Forest 227
Cut these trees: 1 7 9 12
Extra wood: 7.98

Forest 228
Cut these trees: 1 2 9
Extra wood: 10.32

Forest 229
Cut these trees: 4 11 15
Extra wood: 14.75

Forest 230
Cut these trees: 7 9 12
Extra wood: 40.04

Forest 231
Cut these trees: 1
Extra wood: 109.00

Forest 232
Cut these trees: 1 5 7
Extra wood: 0.55

Forest 233
Cut these trees: 2
Extra wood: 0.80

Forest 234
Cut these trees: 1
Extra wood: 50.78

Forest 235
Cut these trees: 2 3 7
Extra wood: 63.38

Forest 236
Cut these trees: 1 2
Extra wood: 70.65

Forest 237
Cut these trees:
Extra wood: 0.00

Forest 238
Cut these trees: 1 2 3 5 12
Extra wood: 10.95

Forest 239
Cut these trees: 2 4
Extra wood: 24.54

Forest 240
Cut these trees: 3 4
Extra wood: 13.18

Forest 241
Cut these trees: 3 6 11 12
Extra wood: 24.83

Forest 242
Cut these trees: 1 2 7
Extra wood: 7.49

Forest 243
Cut these trees: 1
Extra wood: 34.00

Forest 244
Cut these trees: 2 9 11
Extra wood: 28.08

Forest 245
Cut these trees: 1 7
Extra wood: 2.54

Forest 246
Cut these trees: 2 4 6 7
Extra wood: 3.72

Forest 247
Cut these trees: 3 4
Extra wood: 28.68

Forest 248
Cut these trees:
Extra wood: 0.00

Forest 249
Cut these trees: 1 7 8
Extra wood: 1.30

Forest 250
Cut these trees: 2 3 9
Extra wood: 6.66

Forest 251
Cut these trees: 1 4
Extra wood: 58.04

Forest 252
Cut these trees:
Extra wood: 0.00

Forest 253
Cut these trees: 2 6 8 12
Extra wood: 5.45

Forest 254
Cut these trees: 2 3
Extra wood: 5.01

Forest 255
Cut these trees: 2
Extra wood: 128.00

Forest 256
Cut these trees: 1 8 9
Extra wood: 16.21

Forest 257
Cut these trees: 5 11 12
Extra wood: 15.02

Forest 258
Cut these trees: 1 3 5
Extra wood: 73.21

Forest 259
Cut these trees: 3 5 6
Extra wood: 6.78

Forest 260
Cut these trees: 1 6 7 10
Extra wood: 30.03

Forest 261
Cut these trees: 1
Extra wood: 60.92

Forest 262
Cut these trees: 1
Extra wood: 21.14

Forest 263
Cut these trees: 2 8 9
Extra wood: 8.87

Forest 264
Cut these trees: 1 5 6
Extra wood: 31.17

Forest 265
Cut these trees: 1 2 6
Extra wood: 16.80

Forest 266
Cut these trees: 2
Extra wood: 65.00

Forest 267
Cut these trees: 2
Extra wood: 106.00

Forest 268
Cut these trees: 3
Extra wood: 29.58

Forest 269
Cut these trees: 3 4 12
Extra wood: 6.22

Forest 270
Cut these trees: 1 2 5 10 13
Extra wood: 3.16

Forest 271
Cut these trees: 3
Extra wood: 11.50

Forest 272
Cut these trees: 2 3
Extra wood: 15.19

Forest 273
Cut these trees: 3 5 6
Extra wood: 21.89

Forest 274
Cut these trees: 2 3
Extra wood: 45.45

Forest 275
Cut these trees: 2 6 8
Extra wood: 26.51

Forest 276
Cut these trees: 3 7 11 13
Extra wood: 30.06

Forest 277
Cut these trees: 1
Extra wood: 11.00

Forest 278
Cut these trees: 4 6 7
Extra wood: 26.14

Forest 279
Cut these trees: 1 6 8
Extra wood: 19.06

Forest 280
Cut these trees: 2
Extra wood: 44.00

Forest 281
Cut these trees: 1 3 7
Extra wood: 17.46

Forest 282
Cut these trees: 2 4 6 10
Extra wood: 11.40

Forest 283
Cut these trees: 1
Extra wood: 120.00

Forest 284
Cut these trees: 4 6 7 8
Extra wood: 5.88

Forest 285
Cut these trees: 4 11
Extra wood: 4.46

Forest 286
Cut these trees:
Extra wood: 0.00

Forest 287
Cut these trees: 1 3 4 9 11
Extra wood: 11.42

Forest 288
Cut these trees: 2 4 6
Extra wood: 24.73

Forest 289
Cut these trees: 1 9 10
Extra wood: 18.77

Forest 290
Cut these trees: 2 4
Extra wood: 50.58

Forest 291
Cut these trees: 1 6 7
Extra wood: 2.59

Forest 292
Cut these trees: 2
Extra wood: 104.37

Forest 293
Cut these trees: 4 7 9
Extra wood: 22.40

Forest 294
Cut these trees: 1 7
Extra wood: 45.90

Forest 295
Cut these trees: 4 6 8 10
Extra wood: 19.16

Forest 296
Cut these trees: 1
Extra wood: 22.07

Forest 297
Cut these trees: 2 6 10
Extra wood: 26.58

Forest 298
Cut these trees: 2
Extra wood: 3.18

Forest 299
Cut these trees: 4 6 8 10
Extra wood: 37.68

Forest 300
Cut these trees: 3 6 13
Extra wood: 7.58

Forest 301
Cut these trees: 1 7 8 10
Extra wood: 7.40

Forest 302
Cut these trees:
Extra wood: 0.00

Forest 303
Cut these trees: 1 4 7 8
Extra wood: 0.42

Forest 304
Cut these trees: 2 6
Extra wood: 17.98

Forest 305
Cut these trees: 3 8 10
Extra wood: 6.60

Forest 306
Cut these trees: 3 4
Extra wood: 21.80

Forest 307
Cut these trees: 1 4
Extra wood: 45.56

Forest 308
Cut these trees: 3 8 10 11
Extra wood: 11.68

Forest 309
Cut these trees:
Extra wood: 0.00

Forest 310
Cut these trees: 1 2 6 7
Extra wood: 45.40

Forest 311
Cut these trees:
Extra wood: 0.00

Forest 312
Cut these trees: 2 4 5 7
Extra wood: 10.81

Forest 313
Cut these trees: 5 7 12 14
Extra wood: 17.20

Forest 314
Cut these trees: 2
Extra wood: 109.00

Forest 315
Cut these trees: 5 6
Extra wood: 0.93

Forest 316
Cut these trees: 1 4 6
Extra wood: 4.78

Forest 317
Cut these trees: 1 4
Extra wood: 11.79

Forest 318
Cut these trees: 2 3 6
Extra wood: 71.86

Forest 319
Cut these trees:
Extra wood: 0.00

Forest 320
Cut these trees: 2 8
Extra wood: 1.77

Forest 321
Cut these trees: 2 4 8
Extra wood: 9.57

Forest 322
Cut these trees: 6 8 10
Extra wood: 48.54

Forest 323
Cut these trees: 4 10 11 12
Extra wood: 0.50

Forest 324
Cut these trees: 3 4
Extra wood: 97.97

Forest 325
Cut these trees: 2 4 6
Extra wood: 39.96

Forest 326
Cut these trees: 1 3
Extra wood: 161.00

Forest 327
Cut these trees: 1
Extra wood: 8.00

Forest 328
Cut these trees: 2 11 13
Extra wood: 57.80

Forest 329
Cut these trees: 1 3 8 13
Extra wood: 10.77

Forest 330
Cut these trees: 1 3
Extra wood: 3.31

Forest 331
Cut these trees: 1 3 5 8
Extra wood: 11.71

Forest 332
Cut these trees: 2
Extra wood: 46.00

Forest 333
Cut these trees:
Extra wood: 0.00

Forest 334
Cut these trees: 2 3
Extra wood: 205.00

Forest 335
Cut these trees: 1 2 3
Extra wood: 7.44

Forest 336
Cut these trees: 6 12 13
Extra wood: 24.34

Forest 337
Cut these trees: 4 6
Extra wood: 31.93

Forest 338
Cut these trees: 1 2 7
Extra wood: 6.35

Forest 339
Cut these trees: 6 8 9
Extra wood: 64.56

Forest 340
Cut these trees: 2
Extra wood: 102.00

Forest 341
Cut these trees: 3 6 10 12 15
Extra wood: 26.34

Forest 342
Cut these trees: 5 6
Extra wood: 21.52

Forest 343
Cut these trees: 1 2 4 6
Extra wood: 9.79

Forest 344
Cut these trees: 1 9 12 13
Extra wood: 17.86

Forest 345
Cut these trees: 1 7 9
Extra wood: 41.41

Forest 346
Cut these trees: 2 3
Extra wood: 47.00

Forest 347
Cut these trees: 3 8
Extra wood: 17.75

Forest 348
Cut these trees: 4 5 6
Extra wood: 68.59

Forest 349
Cut these trees: 2 4 5
Extra wood: 83.69

Forest 350
Cut these trees: 1 2
Extra wood: 88.00

Forest 351
Cut these trees: 3
Extra wood: 19.97

Forest 352
Cut these trees:
Extra wood: 0.00

Forest 353
Cut these trees: 6 8 10
Extra wood: 17.00

Forest 354
Cut these trees: 2 3 6
Extra wood: 2.02

Forest 355
Cut these trees: 4 5 6
Extra wood: 37.53

Forest 356
Cut these trees: 3 7 9
Extra wood: 8.48

Forest 357
Cut these trees: 1 5 11
Extra wood: 1.94

Forest 358
Cut these trees: 2 3 5 6
Extra wood: 43.05

Forest 359
Cut these trees: 1
Extra wood: 22.00

Forest 360
Cut these trees: 1 4 6
Extra wood: 1.07

Forest 361
Cut these trees: 3 4
Extra wood: 24.06

Forest 362
Cut these trees: 1 4 9 11
Extra wood: 14.96

Forest 363
Cut these trees: 1 4
Extra wood: 21.56

Forest 364
Cut these trees: 1 9 11
Extra wood: 1.82

Forest 365
Cut these trees: 8 10 11 12
Extra wood: 22.76

Forest 366
Cut these trees: 1 3
Extra wood: 70.68

Forest 367
Cut these trees: 2 7 8
Extra wood: 7.26

Forest 368
Cut these trees: 3 4 12
Extra wood: 13.76

Forest 369
Cut these trees: 3 5
Extra wood: 44.52

Forest 370
Cut these trees: 5 7 11
Extra wood: 21.97

Forest 371
Cut these trees: 3
Extra wood: 10.60

Forest 372
Cut these trees: 4 5 6
Extra wood: 41.97

Forest 373
Cut these trees: 3 5 6 7
Extra wood: 12.37

Forest 374
Cut these trees: 4 6 7
Extra wood: 0.94

Forest 375
Cut these trees: 1 4 5
Extra wood: 66.80

Forest 376
Cut these trees: 2 4 5
Extra wood: 5.07

Forest 377
Cut these trees: 1 5
Extra wood: 6.65

Forest 378
Cut these trees: 2 3
Extra wood: 167.00

Forest 379
Cut these trees: 2 5
Extra wood: 6.48

Forest 380
Cut these trees: 2 6 10 13
Extra wood: 16.33

Forest 381
Cut these trees: 2 4
Extra wood: 32.60

Forest 382
Cut these trees: 2 8
Extra wood: 18.49

Forest 383
Cut these trees:
Extra wood: 0.00

Forest 384
Cut these trees:
Extra wood: 0.00

Forest 385
Cut these trees: 2
Extra wood: 32.00

Forest 386
Cut these trees: 1 3 7 11
Extra wood: 0.41

Forest 387
Cut these trees:
Extra wood: 0.00

Forest 388
Cut these trees: 2 3
Extra wood: 120.00

Forest 389
Cut these trees: 5 6
Extra wood: 10.47

Forest 390
Cut these trees: 2
Extra wood: 78.42

Forest 391
Cut these trees: 3
Extra wood: 17.95

Forest 392
Cut these trees: 1 2 3
Extra wood: 44.07

Forest 393
Cut these trees: 1 5 7
Extra wood: 11.80

Forest 394
Cut these trees: 4 5 9
Extra wood: 16.61

Forest 395
Cut these trees: 8 9 10
Extra wood: 45.53

Forest 396
Cut these trees: 2
Extra wood: 73.00

Forest 397
Cut these trees: 5 8 9
Extra wood: 39.41

Forest 398
Cut these trees: 2 5
Extra wood: 16.85

Forest 399
Cut these trees: 2 3 6
Extra wood: 57.22

Forest 400
Cut these trees: 5 7 9
Extra wood: 8.43

Forest 401
Cut these trees: 2 3 5
Extra wood: 15.63

Forest 402
Cut these trees: 1
Extra wood: 36.00

Forest 403
Cut these trees: 5 6
Extra wood: 19.64

Forest 404
Cut these trees:
Extra wood: 0.00

Forest 405
Cut these trees: 2
Extra wood: 89.00

Forest 406
Cut these trees:
Extra wood: 0.00

Forest 407
Cut these trees: 1 4 8 10
Extra wood: 12.56

Forest 408
Cut these trees:
Extra wood: 0.00

Forest 409
Cut these trees: 6 9 10 11
Extra wood: 23.69

Forest 410
Cut these trees: 1 2 3
Extra wood: 23.05

Forest 411
Cut these trees: 1 4
Extra wood: 22.45

Forest 412
Cut these trees: 2 8 9
Extra wood: 45.35

Forest 413
Cut these trees: 1 4 8
Extra wood: 72.06

Forest 414
Cut these trees:
Extra wood: 0.00

Forest 415
Cut these trees: 2 9 11
Extra wood: 3.59

Forest 416
Cut these trees: 1 8 9
Extra wood: 18.28

Forest 417
Cut these trees: 1
Extra wood: 46.00

Forest 418
Cut these trees: 1 5 7
Extra wood: 19.99

Forest 419
Cut these trees: 4 5 8
Extra wood: 16.94

Forest 420
Cut these trees: 7 11 12 13
Extra wood: 9.31

Forest 421
Cut these trees: 2 6 11
Extra wood: 56.80

Forest 422
Cut these trees: 4 7 8
Extra wood: 12.94

Forest 423
Cut these trees: 4 5
Extra wood: 24.49

Forest 424
Cut these trees: 5 6 8
Extra wood: 17.95

Forest 425
Cut these trees: 4 6 13
Extra wood: 14.21

Forest 426
Cut these trees: 6 8
Extra wood: 9.04

Forest 427
Cut these trees: 1 5 9 11 12
Extra wood: 12.40

Forest 428
Cut these trees: 1 6 7 10
Extra wood: 14.09

Forest 429
Cut these trees: 1 3
Extra wood: 54.72

Forest 430
Cut these trees: 3 9 10
Extra wood: 79.38

Forest 431
Cut these trees: 2 3
Extra wood: 24.00

Forest 432
Cut these trees: 1 2 7
Extra wood: 24.94

Forest 433
Cut these trees:
Extra wood: 0.00

Forest 434
Cut these trees: 1
Extra wood: 125.00

Forest 435
Cut these trees: 4 6
Extra wood: 18.35

Forest 436
Cut these trees: 1 5 6
Extra wood: 122.81

Forest 437
Cut these trees: 2 4
Extra wood: 21.97

Forest 438
Cut these trees: 1 5 11
Extra wood: 14.64

Forest 439
Cut these trees: 1 10 11
Extra wood: 19.43

Forest 440
Cut these trees: 6 14 15
Extra wood: 5.46

Forest 441
Cut these trees: 5 7
Extra wood: 75.71

Forest 442
Cut these trees: 1 2 4
Extra wood: 79.53

Forest 443
Cut these trees: 3 5 12 13
Extra wood: 15.51

Forest 444
Cut these trees: 3 5 7
Extra wood: 30.35

Forest 445
Cut these trees: 1
Extra wood: 97.00

Forest 446
Cut these trees: 3 6 8
Extra wood: 17.38

Forest 447
Cut these trees: 11 12 14
Extra wood: 56.15

Forest 448
Cut these trees: 1 2 7
Extra wood: 20.66

Forest 449
Cut these trees: 1 6 11 13
Extra wood: 7.40

Forest 450
Cut these trees: 1 4
Extra wood: 9.88

Forest 451
Cut these trees:
Extra wood: 0.00

Forest 452
Cut these trees: 4 6 7
Extra wood: 27.75

Forest 453
Cut these trees: 2 3
Extra wood: 31.40

Forest 454
Cut these trees: 2 4 5
Extra wood: 5.52

Forest 455
Cut these trees: 3 8
Extra wood: 27.04

Forest 456
Cut these trees: 2 5 6 7
Extra wood: 22.31

Forest 457
Cut these trees: 2 5
Extra wood: 126.70

Forest 458
Cut these trees: 4 9 10
Extra wood: 15.92

Forest 459
Cut these trees: 2 5
Extra wood: 9.84

Forest 460
Cut these trees: 1 5 7 8
Extra wood: 9.86

Forest 461
Cut these trees: 1 2
Extra wood: 21.93

Forest 462
Cut these trees: 2 4
Extra wood: 0.41

Forest 463
Cut these trees: 1 2 5
Extra wood: 19.53

Forest 464
Cut these trees: 1
Extra wood: 71.46

Forest 465
Cut these trees: 1 12 14
Extra wood: 18.49

Forest 466
Cut these trees: 1
Extra wood: 72.00

Forest 467
Cut these trees: 5 6 8
Extra wood: 6.40

Forest 468
Cut these trees: 1 3 10
Extra wood: 10.50

Forest 469
Cut these trees: 3 6
Extra wood: 34.61

Forest 470
Cut these trees: 1 5 7
Extra wood: 6.77

Forest 471
Cut these trees: 1 3 6
Extra wood: 37.12

Forest 472
Cut these trees: 2 5 6
Extra wood: 44.57

Forest 473
Cut these trees:
Extra wood: 0.00

Forest 474
Cut these trees: 2 8 11 14
Extra wood: 15.88

Forest 475
Cut these trees: 2 5 10
Extra wood: 55.72

Forest 476
Cut these trees: 3 4 5
Extra wood: 79.39

Forest 477
Cut these trees: 1 5 9
Extra wood: 35.20

Forest 478
Cut these trees: 2 8 10
Extra wood: 65.27

Forest 479
Cut these trees: 6 7 13
Extra wood: 54.40

Forest 480
Cut these trees: 2 8
Extra wood: 39.73

Forest 481
Cut these trees: 5 8 9 10
Extra wood: 1.70

Forest 482
Cut these trees: 4 8 9
Extra wood: 70.14

Forest 483
Cut these trees: 6 9 12
Extra wood: 21.33

Forest 484
Cut these trees: 1 2 5
Extra wood: 9.53

Forest 485
Cut these trees: 3 4 7
Extra wood: 92.95

Forest 486
Cut these trees:
Extra wood: 0.00

Forest 487
Cut these trees:
Extra wood: 0.00

Forest 488
Cut these trees: 1 3 6
Extra wood: 66.64

Forest 489
Cut these trees: 6 7 10
Extra wood: 13.83

Forest 490
Cut these trees: 3 9 14
Extra wood: 2.33

Forest 491
Cut these trees: 2
Extra wood: 4.00

Forest 492
Cut these trees: 1
Extra wood: 2.89

Forest 493
Cut these trees: 3 5 8 10
Extra wood: 1.19

Forest 494
Cut these trees: 1 4
Extra wood: 82.06

Forest 495
Cut these trees: 5 6 8 12
Extra wood: 2.75

Forest 496
Cut these trees: 1 7 9
Extra wood: 22.64

Forest 497
Cut these trees: 1 3
Extra wood: 57.00

Forest 498
Cut these trees: 1 6 7
Extra wood: 35.16

Forest 499
Cut these trees: 2 4 8
Extra wood: 20.38

Forest 500
Cut these trees: 9 12 15
Extra wood: 3.37

Forest 501
Cut these trees: 5 8 9
Extra wood: 72.79

Forest 502
Cut these trees: 2
Extra wood: 22.73

Forest 503
Cut these trees: 7 8
Extra wood: 0.04

Forest 504
Cut these trees: 6 9 12
Extra wood: 96.07

Forest 505
Cut these trees: 6 9
Extra wood: 9.48

Forest 506
Cut these trees: 1
Extra wood: 6.00

Forest 507
Cut these trees: 5 6 8
Extra wood: 13.36

Forest 508
Cut these trees: 4 6 7 8
Extra wood: 2.24

Forest 509
Cut these trees: 1 2
Extra wood: 18.02

Forest 510
Cut these trees: 2 3
Extra wood: 29.28

Forest 511
Cut these trees: 2 3 7
Extra wood: 52.67

Forest 512
Cut these trees: 1 4 6 7
Extra wood: 30.38

Forest 513
Cut these trees: 1 3
Extra wood: 149.00

Forest 514
Cut these trees: 2 8
Extra wood: 13.64

Forest 515
Cut these trees: 1 5
Extra wood: 51.83

Forest 516
Cut these trees: 7 10 12 13
Extra wood: 19.45

Forest 517
Cut these trees: 2 7 12
Extra wood: 81.34

Forest 518
Cut these trees: 3 4
Extra wood: 21.56

Forest 519
Cut these trees: 3 5 8
Extra wood: 48.27

Forest 520
Cut these trees: 3 4
Extra wood: 10.45

Forest 521
Cut these trees: 2
Extra wood: 62.79

Forest 522
Cut these trees: 1 3
Extra wood: 132.00

Forest 523
Cut these trees: 2 7
Extra wood: 11.42

Forest 524
Cut these trees: 2 5
Extra wood: 1.25

Forest 525
Cut these trees: 1 2 6 7
Extra wood: 1.38

Forest 526
Cut these trees: 1
Extra wood: 13.00

Forest 527
Cut these trees: 2 5
Extra wood: 76.29

Forest 528
Cut these trees: 4 7 8
Extra wood: 19.49

Forest 529
Cut these trees: 2 4
Extra wood: 2.48

Forest 530
Cut these trees: 3 4
Extra wood: 6.12

Forest 531
Cut these trees: 3 7 9
Extra wood: 41.82

Forest 532
Cut these trees: 2 5 6
Extra wood: 6.87

Forest 533
Cut these trees: 1 2
Extra wood: 22.33

Forest 534
Cut these trees: 2 3
Extra wood: 158.00

Forest 535
Cut these trees: 4 6 9
Extra wood: 63.21

Forest 536
Cut these trees:
Extra wood: 0.00

Forest 537
Cut these trees: 1 8 9 12
Extra wood: 5.12

Forest 538
Cut these trees: 1 4
Extra wood: 122.84

Forest 539
Cut these trees: 2
Extra wood: 90.00

Forest 540
Cut these trees: 3 8 10
Extra wood: 44.01

Forest 541
Cut these trees: 7 8
Extra wood: 16.17

Forest 542
Cut these trees:
Extra wood: 0.00

Forest 543
Cut these trees: 2 4 5
Extra wood: 19.67

Forest 544
Cut these trees: 3 7
Extra wood: 40.30

Forest 545
Cut these trees: 5 12 13
Extra wood: 9.09

Forest 546
Cut these trees: 2 3 7
Extra wood: 48.35

Forest 547
Cut these trees:
Extra wood: 0.00

Forest 548
Cut these trees: 2 3
Extra wood: 125.00

Forest 549
Cut these trees: 1
Extra wood: 50.00

Forest 550
Cut these trees: 1 3
Extra wood: 2.24

Forest 551
Cut these trees: 1 2 4 5 8
Extra wood: 7.57

Forest 552
Cut these trees: 2 6 8
Extra wood: 34.13

Forest 553
Cut these trees: 2
Extra wood: 0.90

Forest 554
Cut these trees: 3 6
Extra wood: 29.39

Forest 555
Cut these trees: 2 3
Extra wood: 35.40

Forest 556
Cut these trees: 3 4
Extra wood: 0.93

Forest 557
Cut these trees: 2 5 6 7
Extra wood: 35.35

Forest 558
Cut these trees: 3 10 13
Extra wood: 2.43

Forest 559
Cut these trees: 4 7 10
Extra wood: 0.79

Forest 560
Cut these trees: 2 3 4
Extra wood: 47.13

Forest 561
Cut these trees: 1 2 3 5
Extra wood: 10.59

Forest 562
Cut these trees: 3 4 5
Extra wood: 60.40

Forest 563
Cut these trees: 2 4
Extra wood: 65.70

Forest 564
Cut these trees: 3 6
Extra wood: 3.83

Forest 565
Cut these trees: 2
Extra wood: 24.30

Forest 566
Cut these trees: 8 12 14
Extra wood: 9.39

Forest 567
Cut these trees: 2 3 8 9 10
Extra wood: 28.30

Forest 568
Cut these trees: 1
Extra wood: 15.01

Forest 569
Cut these trees: 1 3 7
Extra wood: 4.62

Forest 570
Cut these trees: 1 2 4
Extra wood: 84.00

Forest 571
Cut these trees: 1
Extra wood: 38.00

Forest 572
Cut these trees: 4 8
Extra wood: 45.76

Forest 573
Cut these trees: 1 5 6 9
Extra wood: 52.00

Forest 574
Cut these trees: 5 8 9
Extra wood: 2.18

Forest 575
Cut these trees: 1 2
Extra wood: 30.00

Forest 576
Cut these trees: 5 10 11
Extra wood: 50.78

Forest 577
Cut these trees: 2
Extra wood: 63.80

Forest 578
Cut these trees: 2 4
Extra wood: 22.57

Forest 579
Cut these trees: 2
Extra wood: 41.80

Forest 580
Cut these trees: 1 12
Extra wood: 21.52

Forest 581
Cut these trees:
Extra wood: 0.00

Forest 582
Cut these trees: 3 4 9
Extra wood: 26.09

Forest 583
Cut these trees: 4 8 13
Extra wood: 44.77

Forest 584
Cut these trees: 1 3
Extra wood: 30.89

Forest 585
Cut these trees: 1 3
Extra wood: 83.00

Forest 586
Cut these trees: 5 6
Extra wood: 7.42

Forest 587
Cut these trees: 1 2
Extra wood: 109.00

Forest 588
Cut these trees: 1 4
Extra wood: 11.62

Forest 589
Cut these trees: 1 3 4
Extra wood: 54.46

Forest 590
Cut these trees: 1 3 7 9
Extra wood: 14.38

Forest 591
Cut these trees: 1 2 9
Extra wood: 19.23

Forest 592
Cut these trees: 5 7 8 15
Extra wood: 14.25

Forest 593
Cut these trees: 2
Extra wood: 70.00

Forest 594
Cut these trees: 1 3 4 10
Extra wood: 24.96

Forest 595
Cut these trees: 2
Extra wood: 29.00

Forest 596
Cut these trees: 1 3
Extra wood: 9.11

Forest 597
Cut these trees: 2 4 5
Extra wood: 3.98

Forest 598
Cut these trees: 2 4 7 8
Extra wood: 46.61

Forest 599
Cut these trees: 5 6 7 9
Extra wood: 22.52

Forest 600
Cut these trees: 1 4 9 12
Extra wood: 14.16

Forest 601
Cut these trees: 9 10
Extra wood: 40.87

Forest 602
Cut these trees: 5 9 11
Extra wood: 8.14

Forest 603
Cut these trees: 3 4 6 10
Extra wood: 12.20

Forest 604
Cut these trees: 2 3 4
Extra wood: 15.72

Forest 605
Cut these trees: 2 5 10 11
Extra wood: 12.87

Forest 606
Cut these trees: 4 5
Extra wood: 39.14

Forest 607
Cut these trees: 2 4
Extra wood: 71.91

Forest 608
Cut these trees: 1 2
Extra wood: 12.81

Forest 609
Cut these trees: 12 13 14
Extra wood: 4.48

Forest 610
Cut these trees: 2 4 10
Extra wood: 13.39

Forest 611
Cut these trees: 3 4
Extra wood: 63.38

Forest 612
Cut these trees: 1 3
Extra wood: 94.31

Forest 613
Cut these trees: 2 3 5 6
Extra wood: 10.31

Forest 614
Cut these trees: 10 13
Extra wood: 27.32

Forest 615
Cut these trees: 1 5 13 14
Extra wood: 11.60

Forest 616
Cut these trees: 3
Extra wood: 14.19

Forest 617
Cut these trees: 10 11 12
Extra wood: 13.40

Forest 618
Cut these trees: 6 10 11
Extra wood: 3.10

Forest 619
Cut these trees: 4 5 6
Extra wood: 59.56

Forest 620
Cut these trees: 2 3 10
Extra wood: 51.91

Forest 621
Cut these trees: 7 8 11 13
Extra wood: 8.70

Forest 622
Cut these trees: 4 5 6 11
Extra wood: 10.05

Forest 623
Cut these trees:
Extra wood: 0.00

Forest 624
Cut these trees: 1 4 5
Extra wood: 1.47

Forest 625
Cut these trees: 2
Extra wood: 14.73

Forest 626
Cut these trees: 1
Extra wood: 38.00

Forest 627
Cut these trees: 3 5 7
Extra wood: 43.27

Forest 628
Cut these trees: 5 8
Extra wood: 8.00

Forest 629
Cut these trees: 1 6 8 9
Extra wood: 19.97

Forest 630
Cut these trees: 4 5 8
Extra wood: 22.49

Forest 631
Cut these trees: 1 6 7
Extra wood: 15.39

Forest 632
Cut these trees: 4 7 11 12
Extra wood: 2.07

Forest 633
Cut these trees: 2
Extra wood: 83.24

Forest 634
Cut these trees: 2 4
Extra wood: 0.68

Forest 635
Cut these trees: 1
Extra wood: 119.00

Forest 636
Cut these trees: 5 9 11
Extra wood: 15.28

Forest 637
Cut these trees: 1
Extra wood: 47.00

Forest 638
Cut these trees: 2 8 9
Extra wood: 28.12

Forest 639
Cut these trees: 1 2
Extra wood: 11.37

Forest 640
Cut these trees: 2
Extra wood: 42.83

Forest 641
Cut these trees: 1 2
Extra wood: 13.01

Forest 642
Cut these trees:
Extra wood: 0.00

Forest 643
Cut these trees: 1 8 9
Extra wood: 5.80

Forest 644
Cut these trees: 2 3
Extra wood: 84.52

55 24
34 18
81 1
52 63
79 68
36 14
95 54
11 59
59 18
50 94
93 31
50 97
44 29
57 81
35 4
Forest 645
Cut these trees: 10 12 13
Extra wood: 64.69

Forest 646
Cut these trees: 4 5 7
Extra wood: 5.20

Forest 647
Cut these trees: 2 5 9 10
Extra wood: 18.36

Forest 648
Cut these trees: 3 5 6
Extra wood: 54.02

Forest 649
Cut these trees: 1 7 9
Extra wood: 10.68

Forest 650
Cut these trees: 3 10 13
Extra wood: 14.87

Forest 651
Cut these trees: 1 5
Extra wood: 99.71

Forest 652
Cut these trees: 7 8 9
Extra wood: 12.47

Forest 653
Cut these trees: 5 7 9
Extra wood: 34.88

Forest 654
Cut these trees: 1 2 4
Extra wood: 77.84

Forest 655
Cut these trees:
Extra wood: 0.00

Forest 656
Cut these trees: 1
Extra wood: 19.49

Forest 657
Cut these trees: 2 3
Extra wood: 82.12

Forest 658
Cut these trees: 2 3 10
Extra wood: 18.33

Forest 659
Cut these trees: 1 5
Extra wood: 29.67

Forest 660
Cut these trees: 6 9 13
Extra wood: 3.51

Forest 661
Cut these trees: 2
Extra wood: 67.00

Forest 662
Cut these trees: 1
Extra wood: 51.00

Forest 663
Cut these trees: 2 9 13
Extra wood: 15.09

Forest 664
Cut these trees:
Extra wood: 0.00

Forest 665
Cut these trees: 3 4
Extra wood: 44.79

Forest 666
Cut these trees:
Extra wood: 0.00
